<?xml version="1.0" encoding="UTF-8"?>
<!-- Generated by org.testng.reporters.JUnitXMLReporter -->
<testsuite ignored="0" hostname="ankitbhandari" failures="2" tests="30" name="Indonesia Test-0" time="330.998" errors="0" timestamp="2024-07-11T16:16:45 IST">
  <testcase classname="tvsconnectframework.Indonesia" name="standardLogin" time="22.674"/>
  <testcase classname="tvsconnectframework.Indonesia" name="standardAddVehicles" time="7.712"/>
  <testcase classname="tvsconnectframework.Indonesia" name="allowAppPermission" time="16.488"/>
  <testcase classname="tvsconnectframework.Indonesia" name="standardMyRides" time="2.668"/>
  <testcase classname="tvsconnectframework.Indonesia" name="standardSettings" time="12.061"/>
  <testcase classname="tvsconnectframework.Indonesia" name="standardUserManual" time="7.412"/>
  <testcase classname="tvsconnectframework.Indonesia" name="standardRideDetails" time="4.552"/>
  <testcase classname="tvsconnectframework.Indonesia" name="displayAllFaq" time="9.511"/>
  <testcase classname="tvsconnectframework.Indonesia" name="standardHowToVideos" time="2.541"/>
  <testcase classname="tvsconnectframework.Indonesia" name="tvsConnectHamburgerOptions" time="14.448"/>
  <testcase classname="tvsconnectframework.Indonesia" name="feedBackSubmission" time="6.589"/>
  <testcase classname="tvsconnectframework.Indonesia" name="racingAddVehicles" time="8.901"/>
  <testcase classname="tvsconnectframework.Indonesia" name="racingMyRides" time="1.737"/>
  <testcase classname="tvsconnectframework.Indonesia" name="racingSettings" time="10.205"/>
  <testcase classname="tvsconnectframework.Indonesia" name="racingUserManual" time="4.572"/>
  <testcase classname="tvsconnectframework.Indonesia" name="racingRideDetails" time="6.795"/>
  <testcase classname="tvsconnectframework.Indonesia" name="racingHowToVideos" time="4.444"/>
  <testcase classname="tvsconnectframework.Indonesia" name="indoEditProfile" time="20.035"/>
  <testcase classname="tvsconnectframework.Indonesia" name="callistoassests" time="18.67"/>
  <testcase classname="tvsconnectframework.Indonesia" name="callistoMyRides" time="1.88"/>
  <testcase classname="tvsconnectframework.Indonesia" name="callistoUserManual" time="7.796"/>
  <testcase classname="tvsconnectframework.Indonesia" name="callistoHowToVideos" time="1.943"/>
  <testcase classname="tvsconnectframework.Indonesia" name="callistoSettings" time="6.141"/>
  <testcase classname="tvsconnectframework.Indonesia" name="roninOverView" time="15.823"/>
  <testcase classname="tvsconnectframework.Indonesia" name="roninlastrideinfo" time="10.383"/>
  <testcase classname="tvsconnectframework.Indonesia" name="roninMyRides" time="6.806"/>
  <testcase classname="tvsconnectframework.Indonesia" name="roninUserManual" time="5.937"/>
  <testcase classname="tvsconnectframework.Indonesia" name="roninHowToVideos" time="2.436"/>
  <testcase classname="tvsconnectframework.Indonesia" name="indonesiaNotifications" time="15.431">
    <failure type="org.openqa.selenium.NoSuchElementException" message="Can&amp;apos;t locate an element by this strategy: By.chained({AppiumBy.id: com.tvsm.connect.southeastasia:id/close})">
      <![CDATA[org.openqa.selenium.NoSuchElementException: Can't locate an element by this strategy: By.chained({AppiumBy.id: com.tvsm.connect.southeastasia:id/close})
at io.appium.java_client.pagefactory.AppiumElementLocator.findElement(AppiumElementLocator.java:166)
at io.appium.java_client.pagefactory.interceptors.InterceptorOfASingleElement.call(InterceptorOfASingleElement.java:64)
at io.appium.java_client.proxy.Interceptor.intercept(Interceptor.java:78)
at org.openqa.selenium.remote.RemoteWebElement$ByteBuddy$PCkFbad1.click(Unknown Source)
at tvsframework.pageobjects.android.NotifcationsIndo.notificationBtnClick(NotifcationsIndo.java:38)
at tvsconnectframework.Indonesia.indonesiaNotifications(Indonesia.java:440)
at java.base/java.util.ArrayList.forEach(ArrayList.java:1511)
at java.base/java.util.concurrent.FutureTask.run(FutureTask.java:264)
at java.base/java.util.concurrent.ThreadPoolExecutor.runWorker(ThreadPoolExecutor.java:1136)
at java.base/java.util.concurrent.ThreadPoolExecutor$Worker.run(ThreadPoolExecutor.java:635)
at java.base/java.lang.Thread.run(Thread.java:840)
Caused by: org.openqa.selenium.TimeoutException: Expected condition failed: waiting for io.appium.java_client.pagefactory.AppiumElementLocator$WaitingFunction@236cb94 (tried for 1 second(s) with 500 milliseconds interval)
at org.openqa.selenium.support.ui.FluentWait.timeoutException(FluentWait.java:262)
at org.openqa.selenium.support.ui.FluentWait.until(FluentWait.java:230)
at io.appium.java_client.pagefactory.AppiumElementLocator.waitFor(AppiumElementLocator.java:135)
at io.appium.java_client.pagefactory.AppiumElementLocator.findElement(AppiumElementLocator.java:160)
... 27 more
Caused by: org.openqa.selenium.NoSuchElementException: Cannot locate an element using By.chained({AppiumBy.id: com.tvsm.connect.southeastasia:id/close})
For documentation on this error, please visit: https://www.selenium.dev/documentation/webdriver/troubleshooting/errors#no-such-element-exception
Build info: version: '4.13.0', revision: 'ba948ece5b*'
System info: os.name: 'Windows 10', os.arch: 'amd64', os.version: '10.0', java.version: '17.0.10'
Driver info: driver.version: RemoteWebDriver
at io.appium.java_client.pagefactory.bys.builder.ByChained.findElement(ByChained.java:77)
at org.openqa.selenium.remote.ElementLocation$ElementFinder$1.findElement(ElementLocation.java:139)
at org.openqa.selenium.remote.ElementLocation.findElement(ElementLocation.java:59)
at org.openqa.selenium.remote.RemoteWebDriver.findElement(RemoteWebDriver.java:359)
at org.openqa.selenium.remote.RemoteWebDriver.findElement(RemoteWebDriver.java:353)
at io.appium.java_client.pagefactory.bys.ContentMappedBy.findElement(ContentMappedBy.java:53)
at org.openqa.selenium.remote.ElementLocation$ElementFinder$1.findElement(ElementLocation.java:139)
at org.openqa.selenium.remote.ElementLocation.findElement(ElementLocation.java:59)
at org.openqa.selenium.remote.RemoteWebDriver.findElement(RemoteWebDriver.java:359)
at org.openqa.selenium.remote.RemoteWebDriver.findElement(RemoteWebDriver.java:353)
at io.appium.java_client.pagefactory.AppiumElementLocator.lambda$findElement$1(AppiumElementLocator.java:160)
at io.appium.java_client.pagefactory.AppiumElementLocator$WaitingFunction.apply(AppiumElementLocator.java:217)
at io.appium.java_client.pagefactory.AppiumElementLocator$WaitingFunction.apply(AppiumElementLocator.java:210)
at org.openqa.selenium.support.ui.FluentWait.until(FluentWait.java:205)
... 29 more
... Removed 17 stack frames]]>
    </failure>
  </testcase> <!-- indonesiaNotifications -->
  <testcase classname="tvsconnectframework.Indonesia" name="XPVehicleOverview" time="0.099">
    <failure type="java.lang.Error" message="Unresolved compilation problems: 
	Syntax error, insert &amp;quot;enum Identifier&amp;quot; to complete EnumHeader
	Syntax error, insert &amp;quot;EnumBody&amp;quot; to complete EnumDeclaration
">
      <![CDATA[java.lang.Error: Unresolved compilation problems: 
Syntax error, insert "enum Identifier" to complete EnumHeader
Syntax error, insert "EnumBody" to complete EnumDeclaration

at tvsframework.pageobjects.android.XPAddVehicle.<init>(XPAddVehicle.java:18)
at tvsconnectframework.Indonesia.XPVehicleOverview(Indonesia.java:445)
at java.base/java.util.ArrayList.forEach(ArrayList.java:1511)
at java.base/java.util.concurrent.FutureTask.run(FutureTask.java:264)
at java.base/java.util.concurrent.ThreadPoolExecutor.runWorker(ThreadPoolExecutor.java:1136)
at java.base/java.util.concurrent.ThreadPoolExecutor$Worker.run(ThreadPoolExecutor.java:635)
at java.base/java.lang.Thread.run(Thread.java:840)
... Removed 17 stack frames]]>
    </failure>
  </testcase> <!-- XPVehicleOverview -->
</testsuite> <!-- Indonesia Test-0 -->
