<?xml version="1.0" encoding="UTF-8"?>
<!-- Generated by org.testng.reporters.JUnitReportReporter -->
<testsuite hostname="ankitbhandari" failures="0" tests="1" name="tvsframework.utils.BrowserStack" time="2.576" errors="1" timestamp="2024-04-26T14:38:35 IST" skipped="0">
  <testcase classname="tvsframework.utils.BrowserStack" name="setUp" time="2.576">
    <error message="Multiple entries with same key: appium:app=bs://bbf20eafa0fb570fac459c6d1fb1e2a2a1e73160 and appium:app=bs://fdb40f00302e0661c71b061ca1152db770490f2e" type="java.lang.IllegalArgumentException">
      <![CDATA[java.lang.IllegalArgumentException: Multiple entries with same key: appium:app=bs://bbf20eafa0fb570fac459c6d1fb1e2a2a1e73160 and appium:app=bs://fdb40f00302e0661c71b061ca1152db770490f2e
at com.google.common.collect.ImmutableMap.conflictException(ImmutableMap.java:378)
at com.google.common.collect.ImmutableMap.checkNoConflict(ImmutableMap.java:372)
at com.google.common.collect.RegularImmutableMap.checkNoConflictInKeyBucket(RegularImmutableMap.java:246)
at com.google.common.collect.RegularImmutableMap.fromEntryArrayCheckingBucketOverflow(RegularImmutableMap.java:133)
at com.google.common.collect.RegularImmutableMap.fromEntryArray(RegularImmutableMap.java:95)
at com.google.common.collect.ImmutableMap$Builder.build(ImmutableMap.java:572)
at com.google.common.collect.ImmutableMap$Builder.buildOrThrow(ImmutableMap.java:600)
at com.google.common.collect.ImmutableMap$Builder.build(ImmutableMap.java:587)
at java.base/java.util.stream.ReferencePipeline.collect(ReferencePipeline.java:686)
at io.appium.java_client.remote.AppiumNewSessionCommandPayload.makeW3CSafe(AppiumNewSessionCommandPayload.java:40)
at io.appium.java_client.remote.AppiumNewSessionCommandPayload.<init>(AppiumNewSessionCommandPayload.java:54)
at io.appium.java_client.AppiumDriver.startSession(AppiumDriver.java:274)
at org.openqa.selenium.remote.RemoteWebDriver.<init>(RemoteWebDriver.java:163)
at io.appium.java_client.AppiumDriver.<init>(AppiumDriver.java:89)
at io.appium.java_client.AppiumDriver.<init>(AppiumDriver.java:101)
at io.appium.java_client.android.AndroidDriver.<init>(AndroidDriver.java:113)
at tvsframework.utils.BrowserStack.setUp(BrowserStack.java:27)
at java.base/jdk.internal.reflect.NativeMethodAccessorImpl.invoke0(Native Method)
at java.base/jdk.internal.reflect.NativeMethodAccessorImpl.invoke(NativeMethodAccessorImpl.java:77)
at java.base/jdk.internal.reflect.DelegatingMethodAccessorImpl.invoke(DelegatingMethodAccessorImpl.java:43)
at java.base/java.lang.reflect.Method.invoke(Method.java:568)
at org.testng.internal.invokers.MethodInvocationHelper.invokeMethod(MethodInvocationHelper.java:139)
at org.testng.internal.invokers.TestInvoker.invokeMethod(TestInvoker.java:664)
at org.testng.internal.invokers.TestInvoker.invokeTestMethod(TestInvoker.java:228)
at org.testng.internal.invokers.MethodRunner.runInSequence(MethodRunner.java:63)
at org.testng.internal.invokers.TestInvoker$MethodInvocationAgent.invoke(TestInvoker.java:961)
at org.testng.internal.invokers.TestInvoker.invokeTestMethods(TestInvoker.java:201)
at org.testng.internal.invokers.TestMethodWorker.invokeTestMethods(TestMethodWorker.java:148)
at org.testng.internal.invokers.TestMethodWorker.run(TestMethodWorker.java:128)
at java.base/java.util.ArrayList.forEach(ArrayList.java:1511)
at org.testng.TestRunner.privateRun(TestRunner.java:819)
at org.testng.TestRunner.run(TestRunner.java:619)
at org.testng.SuiteRunner.runTest(SuiteRunner.java:443)
at org.testng.SuiteRunner$SuiteWorker.run(SuiteRunner.java:481)
at org.testng.internal.thread.ThreadUtil.lambda$execute$0(ThreadUtil.java:58)
at java.base/java.util.concurrent.FutureTask.run(FutureTask.java:264)
at java.base/java.util.concurrent.ThreadPoolExecutor.runWorker(ThreadPoolExecutor.java:1136)
at java.base/java.util.concurrent.ThreadPoolExecutor$Worker.run(ThreadPoolExecutor.java:635)
at java.base/java.lang.Thread.run(Thread.java:840)
]]>
    </error>
  </testcase> <!-- setUp -->
</testsuite> <!-- tvsframework.utils.BrowserStack -->
